[2023-05-12 08:57:05] local.DEBUG: Process Apps dispatched  
[2023-05-12 08:57:05] local.DEBUG: Process Apps dispatched  
[2023-05-12 08:57:05] local.DEBUG: Update of all apps triggered!  
[2023-05-12 08:57:05] local.DEBUG: Update of all apps finished!  
[2023-05-12 08:57:05] local.DEBUG: Process Apps dispatched  
[2023-05-12 09:12:10] local.DEBUG: Process Apps dispatched  
[2023-05-12 09:17:27] local.DEBUG: Process Apps dispatched  
[2023-05-12 09:19:10] local.DEBUG: Process Apps dispatched  
[2023-05-12 09:32:54] local.DEBUG: Process Apps dispatched  
[2023-05-12 09:43:23] local.DEBUG: Process Apps dispatched  
[2023-05-12 09:43:45] local.DEBUG: Process Apps dispatched  
[2023-05-12 09:43:54] local.DEBUG: Process Apps dispatched  
[2023-05-12 09:43:57] local.DEBUG: Process Apps dispatched  
[2023-05-12 09:44:00] local.DEBUG: Process Apps dispatched  
[2023-05-12 09:44:08] local.DEBUG: Process Apps dispatched  
[2023-05-12 09:44:08] local.DEBUG: Get app triggered for: 51ca673ea8e89a868706fd309777a101ac63a409  
[2023-05-12 09:44:08] local.DEBUG: Download triggered for stdClass Object
(
    [appid] => 51ca673ea8e89a868706fd309777a101ac63a409
    [name] => phpMyAdmin
    [website] => https://www.phpmyadmin.net
    [license] => GNU General Public License, version 2
    [description] => phpMyAdmin is a free software tool written in PHP, intended to handle the administration of MySQL over the Web. phpMyAdmin supports a wide range of operations on MySQL and MariaDB. Frequently used operations (managing databases, tables, columns, relations, indexes, users, permissions, etc) can be performed via the user interface, while you still have the ability to directly execute any SQL statement.
    [enhanced] => 
    [tile_background] => light
    [icon] => phpmyadmin.png
    [sha] => 27a196e07ed93545a80f573a99bd2ed583ed7290
    [class] => \App\SupportedApps\phpMyAdmin\phpMyAdmin
)
  
[2023-05-12 09:45:07] local.DEBUG: Get app triggered for: b1909932aac1c5510c044de0cb8c0f3ef049a250  
[2023-05-12 09:45:07] local.DEBUG: Download triggered for stdClass Object
(
    [appid] => b1909932aac1c5510c044de0cb8c0f3ef049a250
    [name] => WordPress
    [website] => https://wordpress.org
    [license] => GNU General Public License v2.0 only
    [description] => WordPress is open source software you can use to create a beautiful website, blog, or app.
    [enhanced] => 
    [tile_background] => dark
    [icon] => wordpress.svg
    [sha] => 0ef26137a5179a972debc881a49dae7fd9c0f61d
    [class] => \App\SupportedApps\WordPress\WordPress
)
  
[2023-05-12 09:47:08] local.DEBUG: Get app triggered for: f2baa52d02ca888455ce47823f47bf372d5eecb3  
[2023-05-12 09:47:08] local.DEBUG: Download triggered for stdClass Object
(
    [appid] => f2baa52d02ca888455ce47823f47bf372d5eecb3
    [name] => Nextcloud
    [website] => https://nextcloud.com
    [license] => GNU Affero General Public License v3.0 only
    [description] => Nextcloud is an open source, self-hosted file share and communication platform. Access and sync your files, contacts, calendars and communicate and collaborate across your devices.
    [enhanced] => 1
    [tile_background] => light
    [icon] => nextcloud.svg
    [config] => stdClass Object
        (
            [type] => basic_auth
            [additional_headers] => stdClass Object
                (
                    [OCS-APIRequest] => true
                )

            [stat1] => stdClass Object
                (
                    [name] => Total
                    [url] => :url:ocs/v1.php/cloud/users/:username:?format=json
                    [key] => ocs.data.quota.total
                    [filter] => size
                    [updateOnChange] => No
                    [suffix] => 
                )

            [stat2] => stdClass Object
                (
                    [name] => Used
                    [url] => :url:ocs/v1.php/cloud/users/:username:?format=json
                    [key] => ocs.data.quota.used
                    [filter] => size
                    [updateOnChange] => No
                    [suffix] => 
                )

        )

    [sha] => 154ab558feaa115ad0f510e6cf68466566a890de
    [class] => \App\SupportedApps\Nextcloud\Nextcloud
)
  
[2023-05-12 09:47:14] local.ERROR: cURL error 60: SSL certificate problem: self-signed certificate (see https://curl.haxx.se/libcurl/c/libcurl-errors.html) for https://nextcloud.ynovportal.duckdns.org//ocs/v1.php/cloud/users/?format=json {"exception":"[object] (GuzzleHttp\\Exception\\RequestException(code: 0): cURL error 60: SSL certificate problem: self-signed certificate (see https://curl.haxx.se/libcurl/c/libcurl-errors.html) for https://nextcloud.ynovportal.duckdns.org//ocs/v1.php/cloud/users/?format=json at /app/www/vendor/guzzlehttp/guzzle/src/Handler/CurlFactory.php:211)
[stacktrace]
#0 /app/www/vendor/guzzlehttp/guzzle/src/Handler/CurlFactory.php(158): GuzzleHttp\\Handler\\CurlFactory::createRejection()
#1 /app/www/vendor/guzzlehttp/guzzle/src/Handler/CurlFactory.php(110): GuzzleHttp\\Handler\\CurlFactory::finishError()
#2 /app/www/vendor/guzzlehttp/guzzle/src/Handler/CurlHandler.php(47): GuzzleHttp\\Handler\\CurlFactory::finish()
#3 /app/www/vendor/guzzlehttp/guzzle/src/Handler/Proxy.php(28): GuzzleHttp\\Handler\\CurlHandler->__invoke()
#4 /app/www/vendor/guzzlehttp/guzzle/src/Handler/Proxy.php(48): GuzzleHttp\\Handler\\Proxy::GuzzleHttp\\Handler\\{closure}()
#5 /app/www/vendor/guzzlehttp/guzzle/src/PrepareBodyMiddleware.php(35): GuzzleHttp\\Handler\\Proxy::GuzzleHttp\\Handler\\{closure}()
#6 /app/www/vendor/guzzlehttp/guzzle/src/Middleware.php(31): GuzzleHttp\\PrepareBodyMiddleware->__invoke()
#7 /app/www/vendor/guzzlehttp/guzzle/src/RedirectMiddleware.php(71): GuzzleHttp\\Middleware::GuzzleHttp\\{closure}()
#8 /app/www/vendor/guzzlehttp/guzzle/src/Middleware.php(61): GuzzleHttp\\RedirectMiddleware->__invoke()
#9 /app/www/vendor/guzzlehttp/guzzle/src/HandlerStack.php(75): GuzzleHttp\\Middleware::GuzzleHttp\\{closure}()
#10 /app/www/vendor/guzzlehttp/guzzle/src/Client.php(331): GuzzleHttp\\HandlerStack->__invoke()
#11 /app/www/vendor/guzzlehttp/guzzle/src/Client.php(168): GuzzleHttp\\Client->transfer()
#12 /app/www/vendor/guzzlehttp/guzzle/src/Client.php(187): GuzzleHttp\\Client->requestAsync()
#13 /app/www/app/SupportedApps.php(94): GuzzleHttp\\Client->request()
#14 /app/www/app/SupportedApps.php(35): App\\SupportedApps->execute()
#15 /config/www/SupportedApps/Nextcloud/Nextcloud.php(34): App\\SupportedApps->appTest()
#16 /app/www/app/Http/Controllers/ItemController.php(442): App\\SupportedApps\\Nextcloud\\Nextcloud->test()
#17 /app/www/vendor/laravel/framework/src/Illuminate/Routing/Controller.php(54): App\\Http\\Controllers\\ItemController->testConfig()
#18 /app/www/vendor/laravel/framework/src/Illuminate/Routing/ControllerDispatcher.php(45): Illuminate\\Routing\\Controller->callAction()
#19 /app/www/vendor/laravel/framework/src/Illuminate/Routing/Route.php(262): Illuminate\\Routing\\ControllerDispatcher->dispatch()
#20 /app/www/vendor/laravel/framework/src/Illuminate/Routing/Route.php(205): Illuminate\\Routing\\Route->runController()
#21 /app/www/vendor/laravel/framework/src/Illuminate/Routing/Router.php(721): Illuminate\\Routing\\Route->run()
#22 /app/www/vendor/laravel/framework/src/Illuminate/Pipeline/Pipeline.php(128): Illuminate\\Routing\\Router->Illuminate\\Routing\\{closure}()
#23 /app/www/app/Http/Middleware/CheckAllowed.php(44): Illuminate\\Pipeline\\Pipeline->Illuminate\\Pipeline\\{closure}()
#24 /app/www/vendor/laravel/framework/src/Illuminate/Pipeline/Pipeline.php(167): App\\Http\\Middleware\\CheckAllowed->handle()
#25 /app/www/app/Http/Controllers/Controller.php(22): Illuminate\\Pipeline\\Pipeline->Illuminate\\Pipeline\\{closure}()
#26 /app/www/vendor/laravel/framework/src/Illuminate/Pipeline/Pipeline.php(149): App\\Http\\Controllers\\Controller->App\\Http\\Controllers\\{closure}()
#27 /app/www/vendor/laravel/framework/src/Illuminate/Routing/Middleware/SubstituteBindings.php(50): Illuminate\\Pipeline\\Pipeline->Illuminate\\Pipeline\\{closure}()
#28 /app/www/vendor/laravel/framework/src/Illuminate/Pipeline/Pipeline.php(167): Illuminate\\Routing\\Middleware\\SubstituteBindings->handle()
#29 /app/www/vendor/laravel/framework/src/Illuminate/Foundation/Http/Middleware/VerifyCsrfToken.php(78): Illuminate\\Pipeline\\Pipeline->Illuminate\\Pipeline\\{closure}()
#30 /app/www/vendor/laravel/framework/src/Illuminate/Pipeline/Pipeline.php(167): Illuminate\\Foundation\\Http\\Middleware\\VerifyCsrfToken->handle()
#31 /app/www/vendor/laravel/framework/src/Illuminate/View/Middleware/ShareErrorsFromSession.php(49): Illuminate\\Pipeline\\Pipeline->Illuminate\\Pipeline\\{closure}()
#32 /app/www/vendor/laravel/framework/src/Illuminate/Pipeline/Pipeline.php(167): Illuminate\\View\\Middleware\\ShareErrorsFromSession->handle()
#33 /app/www/vendor/laravel/framework/src/Illuminate/Session/Middleware/StartSession.php(121): Illuminate\\Pipeline\\Pipeline->Illuminate\\Pipeline\\{closure}()
#34 /app/www/vendor/laravel/framework/src/Illuminate/Session/Middleware/StartSession.php(64): Illuminate\\Session\\Middleware\\StartSession->handleStatefulRequest()
#35 /app/www/vendor/laravel/framework/src/Illuminate/Pipeline/Pipeline.php(167): Illuminate\\Session\\Middleware\\StartSession->handle()
#36 /app/www/vendor/laravel/framework/src/Illuminate/Cookie/Middleware/AddQueuedCookiesToResponse.php(37): Illuminate\\Pipeline\\Pipeline->Illuminate\\Pipeline\\{closure}()
#37 /app/www/vendor/laravel/framework/src/Illuminate/Pipeline/Pipeline.php(167): Illuminate\\Cookie\\Middleware\\AddQueuedCookiesToResponse->handle()
#38 /app/www/vendor/laravel/framework/src/Illuminate/Cookie/Middleware/EncryptCookies.php(67): Illuminate\\Pipeline\\Pipeline->Illuminate\\Pipeline\\{closure}()
#39 /app/www/vendor/laravel/framework/src/Illuminate/Pipeline/Pipeline.php(167): Illuminate\\Cookie\\Middleware\\EncryptCookies->handle()
#40 /app/www/vendor/laravel/framework/src/Illuminate/Pipeline/Pipeline.php(103): Illuminate\\Pipeline\\Pipeline->Illuminate\\Pipeline\\{closure}()
#41 /app/www/vendor/laravel/framework/src/Illuminate/Routing/Router.php(723): Illuminate\\Pipeline\\Pipeline->then()
#42 /app/www/vendor/laravel/framework/src/Illuminate/Routing/Router.php(698): Illuminate\\Routing\\Router->runRouteWithinStack()
#43 /app/www/vendor/laravel/framework/src/Illuminate/Routing/Router.php(662): Illuminate\\Routing\\Router->runRoute()
#44 /app/www/vendor/laravel/framework/src/Illuminate/Routing/Router.php(651): Illuminate\\Routing\\Router->dispatchToRoute()
#45 /app/www/vendor/laravel/framework/src/Illuminate/Foundation/Http/Kernel.php(167): Illuminate\\Routing\\Router->dispatch()
#46 /app/www/vendor/laravel/framework/src/Illuminate/Pipeline/Pipeline.php(128): Illuminate\\Foundation\\Http\\Kernel->Illuminate\\Foundation\\Http\\{closure}()
#47 /app/www/vendor/fideloper/proxy/src/TrustProxies.php(57): Illuminate\\Pipeline\\Pipeline->Illuminate\\Pipeline\\{closure}()
#48 /app/www/vendor/laravel/framework/src/Illuminate/Pipeline/Pipeline.php(167): Fideloper\\Proxy\\TrustProxies->handle()
#49 /app/www/vendor/laravel/framework/src/Illuminate/Foundation/Http/Middleware/TransformsRequest.php(21): Illuminate\\Pipeline\\Pipeline->Illuminate\\Pipeline\\{closure}()
#50 /app/www/vendor/laravel/framework/src/Illuminate/Foundation/Http/Middleware/ConvertEmptyStringsToNull.php(31): Illuminate\\Foundation\\Http\\Middleware\\TransformsRequest->handle()
#51 /app/www/vendor/laravel/framework/src/Illuminate/Pipeline/Pipeline.php(167): Illuminate\\Foundation\\Http\\Middleware\\ConvertEmptyStringsToNull->handle()
#52 /app/www/vendor/laravel/framework/src/Illuminate/Foundation/Http/Middleware/TransformsRequest.php(21): Illuminate\\Pipeline\\Pipeline->Illuminate\\Pipeline\\{closure}()
#53 /app/www/vendor/laravel/framework/src/Illuminate/Foundation/Http/Middleware/TrimStrings.php(40): Illuminate\\Foundation\\Http\\Middleware\\TransformsRequest->handle()
#54 /app/www/vendor/laravel/framework/src/Illuminate/Pipeline/Pipeline.php(167): Illuminate\\Foundation\\Http\\Middleware\\TrimStrings->handle()
#55 /app/www/vendor/laravel/framework/src/Illuminate/Foundation/Http/Middleware/ValidatePostSize.php(27): Illuminate\\Pipeline\\Pipeline->Illuminate\\Pipeline\\{closure}()
#56 /app/www/vendor/laravel/framework/src/Illuminate/Pipeline/Pipeline.php(167): Illuminate\\Foundation\\Http\\Middleware\\ValidatePostSize->handle()
#57 /app/www/vendor/laravel/framework/src/Illuminate/Foundation/Http/Middleware/PreventRequestsDuringMaintenance.php(86): Illuminate\\Pipeline\\Pipeline->Illuminate\\Pipeline\\{closure}()
#58 /app/www/vendor/laravel/framework/src/Illuminate/Pipeline/Pipeline.php(167): Illuminate\\Foundation\\Http\\Middleware\\PreventRequestsDuringMaintenance->handle()
#59 /app/www/vendor/laravel/framework/src/Illuminate/Pipeline/Pipeline.php(103): Illuminate\\Pipeline\\Pipeline->Illuminate\\Pipeline\\{closure}()
#60 /app/www/vendor/laravel/framework/src/Illuminate/Foundation/Http/Kernel.php(142): Illuminate\\Pipeline\\Pipeline->then()
#61 /app/www/vendor/laravel/framework/src/Illuminate/Foundation/Http/Kernel.php(111): Illuminate\\Foundation\\Http\\Kernel->sendRequestThroughRouter()
#62 /app/www/public/index.php(55): Illuminate\\Foundation\\Http\\Kernel->handle()
#63 {main}
"} 
[2023-05-12 09:47:28] local.ERROR: cURL error 60: SSL certificate problem: self-signed certificate (see https://curl.haxx.se/libcurl/c/libcurl-errors.html) for https://nextcloud.ynovportal.duckdns.org//ocs/v1.php/cloud/users/root?format=json {"exception":"[object] (GuzzleHttp\\Exception\\RequestException(code: 0): cURL error 60: SSL certificate problem: self-signed certificate (see https://curl.haxx.se/libcurl/c/libcurl-errors.html) for https://nextcloud.ynovportal.duckdns.org//ocs/v1.php/cloud/users/root?format=json at /app/www/vendor/guzzlehttp/guzzle/src/Handler/CurlFactory.php:211)
[stacktrace]
#0 /app/www/vendor/guzzlehttp/guzzle/src/Handler/CurlFactory.php(158): GuzzleHttp\\Handler\\CurlFactory::createRejection()
#1 /app/www/vendor/guzzlehttp/guzzle/src/Handler/CurlFactory.php(110): GuzzleHttp\\Handler\\CurlFactory::finishError()
#2 /app/www/vendor/guzzlehttp/guzzle/src/Handler/CurlHandler.php(47): GuzzleHttp\\Handler\\CurlFactory::finish()
#3 /app/www/vendor/guzzlehttp/guzzle/src/Handler/Proxy.php(28): GuzzleHttp\\Handler\\CurlHandler->__invoke()
#4 /app/www/vendor/guzzlehttp/guzzle/src/Handler/Proxy.php(48): GuzzleHttp\\Handler\\Proxy::GuzzleHttp\\Handler\\{closure}()
#5 /app/www/vendor/guzzlehttp/guzzle/src/PrepareBodyMiddleware.php(35): GuzzleHttp\\Handler\\Proxy::GuzzleHttp\\Handler\\{closure}()
#6 /app/www/vendor/guzzlehttp/guzzle/src/Middleware.php(31): GuzzleHttp\\PrepareBodyMiddleware->__invoke()
#7 /app/www/vendor/guzzlehttp/guzzle/src/RedirectMiddleware.php(71): GuzzleHttp\\Middleware::GuzzleHttp\\{closure}()
#8 /app/www/vendor/guzzlehttp/guzzle/src/Middleware.php(61): GuzzleHttp\\RedirectMiddleware->__invoke()
#9 /app/www/vendor/guzzlehttp/guzzle/src/HandlerStack.php(75): GuzzleHttp\\Middleware::GuzzleHttp\\{closure}()
#10 /app/www/vendor/guzzlehttp/guzzle/src/Client.php(331): GuzzleHttp\\HandlerStack->__invoke()
#11 /app/www/vendor/guzzlehttp/guzzle/src/Client.php(168): GuzzleHttp\\Client->transfer()
#12 /app/www/vendor/guzzlehttp/guzzle/src/Client.php(187): GuzzleHttp\\Client->requestAsync()
#13 /app/www/app/SupportedApps.php(94): GuzzleHttp\\Client->request()
#14 /app/www/app/SupportedApps.php(35): App\\SupportedApps->execute()
#15 /config/www/SupportedApps/Nextcloud/Nextcloud.php(34): App\\SupportedApps->appTest()
#16 /app/www/app/Http/Controllers/ItemController.php(442): App\\SupportedApps\\Nextcloud\\Nextcloud->test()
#17 /app/www/vendor/laravel/framework/src/Illuminate/Routing/Controller.php(54): App\\Http\\Controllers\\ItemController->testConfig()
#18 /app/www/vendor/laravel/framework/src/Illuminate/Routing/ControllerDispatcher.php(45): Illuminate\\Routing\\Controller->callAction()
#19 /app/www/vendor/laravel/framework/src/Illuminate/Routing/Route.php(262): Illuminate\\Routing\\ControllerDispatcher->dispatch()
#20 /app/www/vendor/laravel/framework/src/Illuminate/Routing/Route.php(205): Illuminate\\Routing\\Route->runController()
#21 /app/www/vendor/laravel/framework/src/Illuminate/Routing/Router.php(721): Illuminate\\Routing\\Route->run()
#22 /app/www/vendor/laravel/framework/src/Illuminate/Pipeline/Pipeline.php(128): Illuminate\\Routing\\Router->Illuminate\\Routing\\{closure}()
#23 /app/www/app/Http/Middleware/CheckAllowed.php(44): Illuminate\\Pipeline\\Pipeline->Illuminate\\Pipeline\\{closure}()
#24 /app/www/vendor/laravel/framework/src/Illuminate/Pipeline/Pipeline.php(167): App\\Http\\Middleware\\CheckAllowed->handle()
#25 /app/www/app/Http/Controllers/Controller.php(22): Illuminate\\Pipeline\\Pipeline->Illuminate\\Pipeline\\{closure}()
#26 /app/www/vendor/laravel/framework/src/Illuminate/Pipeline/Pipeline.php(149): App\\Http\\Controllers\\Controller->App\\Http\\Controllers\\{closure}()
#27 /app/www/vendor/laravel/framework/src/Illuminate/Routing/Middleware/SubstituteBindings.php(50): Illuminate\\Pipeline\\Pipeline->Illuminate\\Pipeline\\{closure}()
#28 /app/www/vendor/laravel/framework/src/Illuminate/Pipeline/Pipeline.php(167): Illuminate\\Routing\\Middleware\\SubstituteBindings->handle()
#29 /app/www/vendor/laravel/framework/src/Illuminate/Foundation/Http/Middleware/VerifyCsrfToken.php(78): Illuminate\\Pipeline\\Pipeline->Illuminate\\Pipeline\\{closure}()
#30 /app/www/vendor/laravel/framework/src/Illuminate/Pipeline/Pipeline.php(167): Illuminate\\Foundation\\Http\\Middleware\\VerifyCsrfToken->handle()
#31 /app/www/vendor/laravel/framework/src/Illuminate/View/Middleware/ShareErrorsFromSession.php(49): Illuminate\\Pipeline\\Pipeline->Illuminate\\Pipeline\\{closure}()
#32 /app/www/vendor/laravel/framework/src/Illuminate/Pipeline/Pipeline.php(167): Illuminate\\View\\Middleware\\ShareErrorsFromSession->handle()
#33 /app/www/vendor/laravel/framework/src/Illuminate/Session/Middleware/StartSession.php(121): Illuminate\\Pipeline\\Pipeline->Illuminate\\Pipeline\\{closure}()
#34 /app/www/vendor/laravel/framework/src/Illuminate/Session/Middleware/StartSession.php(64): Illuminate\\Session\\Middleware\\StartSession->handleStatefulRequest()
#35 /app/www/vendor/laravel/framework/src/Illuminate/Pipeline/Pipeline.php(167): Illuminate\\Session\\Middleware\\StartSession->handle()
#36 /app/www/vendor/laravel/framework/src/Illuminate/Cookie/Middleware/AddQueuedCookiesToResponse.php(37): Illuminate\\Pipeline\\Pipeline->Illuminate\\Pipeline\\{closure}()
#37 /app/www/vendor/laravel/framework/src/Illuminate/Pipeline/Pipeline.php(167): Illuminate\\Cookie\\Middleware\\AddQueuedCookiesToResponse->handle()
#38 /app/www/vendor/laravel/framework/src/Illuminate/Cookie/Middleware/EncryptCookies.php(67): Illuminate\\Pipeline\\Pipeline->Illuminate\\Pipeline\\{closure}()
#39 /app/www/vendor/laravel/framework/src/Illuminate/Pipeline/Pipeline.php(167): Illuminate\\Cookie\\Middleware\\EncryptCookies->handle()
#40 /app/www/vendor/laravel/framework/src/Illuminate/Pipeline/Pipeline.php(103): Illuminate\\Pipeline\\Pipeline->Illuminate\\Pipeline\\{closure}()
#41 /app/www/vendor/laravel/framework/src/Illuminate/Routing/Router.php(723): Illuminate\\Pipeline\\Pipeline->then()
#42 /app/www/vendor/laravel/framework/src/Illuminate/Routing/Router.php(698): Illuminate\\Routing\\Router->runRouteWithinStack()
#43 /app/www/vendor/laravel/framework/src/Illuminate/Routing/Router.php(662): Illuminate\\Routing\\Router->runRoute()
#44 /app/www/vendor/laravel/framework/src/Illuminate/Routing/Router.php(651): Illuminate\\Routing\\Router->dispatchToRoute()
#45 /app/www/vendor/laravel/framework/src/Illuminate/Foundation/Http/Kernel.php(167): Illuminate\\Routing\\Router->dispatch()
#46 /app/www/vendor/laravel/framework/src/Illuminate/Pipeline/Pipeline.php(128): Illuminate\\Foundation\\Http\\Kernel->Illuminate\\Foundation\\Http\\{closure}()
#47 /app/www/vendor/fideloper/proxy/src/TrustProxies.php(57): Illuminate\\Pipeline\\Pipeline->Illuminate\\Pipeline\\{closure}()
#48 /app/www/vendor/laravel/framework/src/Illuminate/Pipeline/Pipeline.php(167): Fideloper\\Proxy\\TrustProxies->handle()
#49 /app/www/vendor/laravel/framework/src/Illuminate/Foundation/Http/Middleware/TransformsRequest.php(21): Illuminate\\Pipeline\\Pipeline->Illuminate\\Pipeline\\{closure}()
#50 /app/www/vendor/laravel/framework/src/Illuminate/Foundation/Http/Middleware/ConvertEmptyStringsToNull.php(31): Illuminate\\Foundation\\Http\\Middleware\\TransformsRequest->handle()
#51 /app/www/vendor/laravel/framework/src/Illuminate/Pipeline/Pipeline.php(167): Illuminate\\Foundation\\Http\\Middleware\\ConvertEmptyStringsToNull->handle()
#52 /app/www/vendor/laravel/framework/src/Illuminate/Foundation/Http/Middleware/TransformsRequest.php(21): Illuminate\\Pipeline\\Pipeline->Illuminate\\Pipeline\\{closure}()
#53 /app/www/vendor/laravel/framework/src/Illuminate/Foundation/Http/Middleware/TrimStrings.php(40): Illuminate\\Foundation\\Http\\Middleware\\TransformsRequest->handle()
#54 /app/www/vendor/laravel/framework/src/Illuminate/Pipeline/Pipeline.php(167): Illuminate\\Foundation\\Http\\Middleware\\TrimStrings->handle()
#55 /app/www/vendor/laravel/framework/src/Illuminate/Foundation/Http/Middleware/ValidatePostSize.php(27): Illuminate\\Pipeline\\Pipeline->Illuminate\\Pipeline\\{closure}()
#56 /app/www/vendor/laravel/framework/src/Illuminate/Pipeline/Pipeline.php(167): Illuminate\\Foundation\\Http\\Middleware\\ValidatePostSize->handle()
#57 /app/www/vendor/laravel/framework/src/Illuminate/Foundation/Http/Middleware/PreventRequestsDuringMaintenance.php(86): Illuminate\\Pipeline\\Pipeline->Illuminate\\Pipeline\\{closure}()
#58 /app/www/vendor/laravel/framework/src/Illuminate/Pipeline/Pipeline.php(167): Illuminate\\Foundation\\Http\\Middleware\\PreventRequestsDuringMaintenance->handle()
#59 /app/www/vendor/laravel/framework/src/Illuminate/Pipeline/Pipeline.php(103): Illuminate\\Pipeline\\Pipeline->Illuminate\\Pipeline\\{closure}()
#60 /app/www/vendor/laravel/framework/src/Illuminate/Foundation/Http/Kernel.php(142): Illuminate\\Pipeline\\Pipeline->then()
#61 /app/www/vendor/laravel/framework/src/Illuminate/Foundation/Http/Kernel.php(111): Illuminate\\Foundation\\Http\\Kernel->sendRequestThroughRouter()
#62 /app/www/public/index.php(55): Illuminate\\Foundation\\Http\\Kernel->handle()
#63 {main}
"} 
[2023-05-12 09:49:11] local.DEBUG: Get app triggered for: 060b3b99f88e96085b4a68e095bc9e3d1d91e1bc  
[2023-05-12 09:49:11] local.DEBUG: Download triggered for stdClass Object
(
    [appid] => 060b3b99f88e96085b4a68e095bc9e3d1d91e1bc
    [name] => Gitea
    [website] => https://gitea.io
    [license] => MIT License
    [description] => Gitea is a community managed fork of Gogs, lightweight code hosting solution written in Go and published under the MIT license.
    [enhanced] => 
    [tile_background] => dark
    [icon] => gitea.svg
    [sha] => 9367839859b83454562a0dedf6eaea46947122ec
    [class] => \App\SupportedApps\Gitea\Gitea
)
  
[2023-05-12 10:27:56] local.DEBUG: Get app triggered for: 348c49dd03dddd418929316668d2e67bf2d9ae88  
[2023-05-12 10:27:56] local.DEBUG: Download triggered for stdClass Object
(
    [appid] => 348c49dd03dddd418929316668d2e67bf2d9ae88
    [name] => Bookstack
    [website] => https://www.bookstackapp.com
    [license] => MIT License
    [description] => BookStack is a simple, self-hosted, easy-to-use platform for organising and storing information.
    [enhanced] => 1
    [tile_background] => dark
    [icon] => bookstack.svg
    [sha] => 3535aa06c2c6f1b4bb4f4bd61ffc102a986adbf4
    [class] => \App\SupportedApps\Bookstack\Bookstack
)
  
[2023-05-12 10:28:13] local.ERROR: Connection refused  
[2023-05-12 10:28:13] local.DEBUG: cURL error 6: Could not resolve host: user (see https://curl.haxx.se/libcurl/c/libcurl-errors.html) for user/api/shelves?count=0  
[2023-05-12 10:28:17] local.ERROR: Connection refused  
[2023-05-12 10:28:17] local.DEBUG: cURL error 6: Could not resolve host: user (see https://curl.haxx.se/libcurl/c/libcurl-errors.html) for user/api/shelves?count=0  
